2022-04-29 16:46:38:994 ERROR 17728 --- [com.alibaba.nacos.client.Worker.longPolling.fixed-192.168.204.129_8848] c.a.n.c.config.http.ServerHttpAgent      : [NACOS Exception httpPost] currentServerAddr: http://192.168.204.129:8848

java.net.NoRouteToHostException: No route to host: connect
	at java.net.DualStackPlainSocketImpl.waitForConnect(Native Method) ~[na:1.8.0_321]
	at java.net.DualStackPlainSocketImpl.socketConnect(DualStackPlainSocketImpl.java:81) ~[na:1.8.0_321]
	at java.net.AbstractPlainSocketImpl.doConnect(AbstractPlainSocketImpl.java:476) ~[na:1.8.0_321]
	at java.net.AbstractPlainSocketImpl.connectToAddress(AbstractPlainSocketImpl.java:218) ~[na:1.8.0_321]
	at java.net.AbstractPlainSocketImpl.connect(AbstractPlainSocketImpl.java:200) ~[na:1.8.0_321]
	at java.net.PlainSocketImpl.connect(PlainSocketImpl.java:162) ~[na:1.8.0_321]
	at java.net.SocksSocketImpl.connect(SocksSocketImpl.java:394) ~[na:1.8.0_321]
	at java.net.Socket.connect(Socket.java:606) ~[na:1.8.0_321]
	at sun.net.NetworkClient.doConnect(NetworkClient.java:175) ~[na:1.8.0_321]
	at sun.net.www.http.HttpClient.openServer(HttpClient.java:463) ~[na:1.8.0_321]
	at sun.net.www.http.HttpClient.openServer(HttpClient.java:558) ~[na:1.8.0_321]
	at sun.net.www.http.HttpClient.<init>(HttpClient.java:242) ~[na:1.8.0_321]
	at sun.net.www.http.HttpClient.New(HttpClient.java:339) ~[na:1.8.0_321]
	at sun.net.www.http.HttpClient.New(HttpClient.java:357) ~[na:1.8.0_321]
	at sun.net.www.protocol.http.HttpURLConnection.getNewHttpClient(HttpURLConnection.java:1240) ~[na:1.8.0_321]
	at sun.net.www.protocol.http.HttpURLConnection.plainConnect0(HttpURLConnection.java:1167) ~[na:1.8.0_321]
	at sun.net.www.protocol.http.HttpURLConnection.plainConnect(HttpURLConnection.java:1061) ~[na:1.8.0_321]
	at sun.net.www.protocol.http.HttpURLConnection.connect(HttpURLConnection.java:995) ~[na:1.8.0_321]
	at sun.net.www.protocol.http.HttpURLConnection.getOutputStream0(HttpURLConnection.java:1354) ~[na:1.8.0_321]
	at sun.net.www.protocol.http.HttpURLConnection.getOutputStream(HttpURLConnection.java:1329) ~[na:1.8.0_321]
	at com.alibaba.nacos.common.http.client.request.JdkHttpClientRequest.execute(JdkHttpClientRequest.java:106) ~[nacos-common-1.4.2.jar:na]
	at com.alibaba.nacos.common.http.client.InterceptingHttpClientRequest.execute(InterceptingHttpClientRequest.java:53) ~[nacos-common-1.4.2.jar:na]
	at com.alibaba.nacos.common.http.client.NacosRestTemplate.execute(NacosRestTemplate.java:482) ~[nacos-common-1.4.2.jar:na]
	at com.alibaba.nacos.common.http.client.NacosRestTemplate.postForm(NacosRestTemplate.java:407) ~[nacos-common-1.4.2.jar:na]
	at com.alibaba.nacos.client.config.http.ServerHttpAgent.httpPost(ServerHttpAgent.java:155) ~[nacos-client-1.4.2.jar:na]
	at com.alibaba.nacos.client.config.http.MetricsHttpAgent.httpPost(MetricsHttpAgent.java:67) [nacos-client-1.4.2.jar:na]
	at com.alibaba.nacos.client.config.impl.ClientWorker.checkUpdateConfigStr(ClientWorker.java:380) [nacos-client-1.4.2.jar:na]
	at com.alibaba.nacos.client.config.impl.ClientWorker.checkUpdateDataIds(ClientWorker.java:347) [nacos-client-1.4.2.jar:na]
	at com.alibaba.nacos.client.config.impl.ClientWorker$LongPollingRunnable.run(ClientWorker.java:535) [nacos-client-1.4.2.jar:na]
	at java.util.concurrent.Executors$RunnableAdapter.call(Executors.java:511) [na:1.8.0_321]
	at java.util.concurrent.FutureTask.run$$$capture(FutureTask.java:266) [na:1.8.0_321]
	at java.util.concurrent.FutureTask.run(FutureTask.java) [na:1.8.0_321]
	at java.util.concurrent.ScheduledThreadPoolExecutor$ScheduledFutureTask.access$201(ScheduledThreadPoolExecutor.java:180) [na:1.8.0_321]
	at java.util.concurrent.ScheduledThreadPoolExecutor$ScheduledFutureTask.run(ScheduledThreadPoolExecutor.java:293) [na:1.8.0_321]
	at java.util.concurrent.ThreadPoolExecutor.runWorker(ThreadPoolExecutor.java:1149) [na:1.8.0_321]
	at java.util.concurrent.ThreadPoolExecutor$Worker.run(ThreadPoolExecutor.java:624) [na:1.8.0_321]
	at java.lang.Thread.run(Thread.java:750) [na:1.8.0_321]

2022-04-29 16:46:42:521 ERROR 17728 --- [com.alibaba.nacos.client.Worker.longPolling.fixed-192.168.204.129_8848] c.a.n.client.config.impl.ClientWorker    : [fixed-192.168.204.129_8848] [check-update] get changed dataId exception

java.net.NoRouteToHostException: No route to host: connect
	at java.net.DualStackPlainSocketImpl.waitForConnect(Native Method) ~[na:1.8.0_321]
	at java.net.DualStackPlainSocketImpl.socketConnect(DualStackPlainSocketImpl.java:81) ~[na:1.8.0_321]
	at java.net.AbstractPlainSocketImpl.doConnect(AbstractPlainSocketImpl.java:476) ~[na:1.8.0_321]
	at java.net.AbstractPlainSocketImpl.connectToAddress(AbstractPlainSocketImpl.java:218) ~[na:1.8.0_321]
	at java.net.AbstractPlainSocketImpl.connect(AbstractPlainSocketImpl.java:200) ~[na:1.8.0_321]
	at java.net.PlainSocketImpl.connect(PlainSocketImpl.java:162) ~[na:1.8.0_321]
	at java.net.SocksSocketImpl.connect(SocksSocketImpl.java:394) ~[na:1.8.0_321]
	at java.net.Socket.connect(Socket.java:606) ~[na:1.8.0_321]
	at sun.net.NetworkClient.doConnect(NetworkClient.java:175) ~[na:1.8.0_321]
	at sun.net.www.http.HttpClient.openServer(HttpClient.java:463) ~[na:1.8.0_321]
	at sun.net.www.http.HttpClient.openServer(HttpClient.java:558) ~[na:1.8.0_321]
	at sun.net.www.http.HttpClient.<init>(HttpClient.java:242) ~[na:1.8.0_321]
	at sun.net.www.http.HttpClient.New(HttpClient.java:339) ~[na:1.8.0_321]
	at sun.net.www.http.HttpClient.New(HttpClient.java:357) ~[na:1.8.0_321]
	at sun.net.www.protocol.http.HttpURLConnection.getNewHttpClient(HttpURLConnection.java:1240) ~[na:1.8.0_321]
	at sun.net.www.protocol.http.HttpURLConnection.plainConnect0(HttpURLConnection.java:1167) ~[na:1.8.0_321]
	at sun.net.www.protocol.http.HttpURLConnection.plainConnect(HttpURLConnection.java:1061) ~[na:1.8.0_321]
	at sun.net.www.protocol.http.HttpURLConnection.connect(HttpURLConnection.java:995) ~[na:1.8.0_321]
	at sun.net.www.protocol.http.HttpURLConnection.getOutputStream0(HttpURLConnection.java:1354) ~[na:1.8.0_321]
	at sun.net.www.protocol.http.HttpURLConnection.getOutputStream(HttpURLConnection.java:1329) ~[na:1.8.0_321]
	at com.alibaba.nacos.common.http.client.request.JdkHttpClientRequest.execute(JdkHttpClientRequest.java:106) ~[nacos-common-1.4.2.jar:na]
	at com.alibaba.nacos.common.http.client.InterceptingHttpClientRequest.execute(InterceptingHttpClientRequest.java:53) ~[nacos-common-1.4.2.jar:na]
	at com.alibaba.nacos.common.http.client.NacosRestTemplate.execute(NacosRestTemplate.java:482) ~[nacos-common-1.4.2.jar:na]
	at com.alibaba.nacos.common.http.client.NacosRestTemplate.postForm(NacosRestTemplate.java:407) ~[nacos-common-1.4.2.jar:na]
	at com.alibaba.nacos.client.config.http.ServerHttpAgent.httpPost(ServerHttpAgent.java:155) ~[nacos-client-1.4.2.jar:na]
	at com.alibaba.nacos.client.config.http.MetricsHttpAgent.httpPost(MetricsHttpAgent.java:67) ~[nacos-client-1.4.2.jar:na]
	at com.alibaba.nacos.client.config.impl.ClientWorker.checkUpdateConfigStr(ClientWorker.java:380) [nacos-client-1.4.2.jar:na]
	at com.alibaba.nacos.client.config.impl.ClientWorker.checkUpdateDataIds(ClientWorker.java:347) [nacos-client-1.4.2.jar:na]
	at com.alibaba.nacos.client.config.impl.ClientWorker$LongPollingRunnable.run(ClientWorker.java:535) [nacos-client-1.4.2.jar:na]
	at java.util.concurrent.Executors$RunnableAdapter.call(Executors.java:511) [na:1.8.0_321]
	at java.util.concurrent.FutureTask.run$$$capture(FutureTask.java:266) [na:1.8.0_321]
	at java.util.concurrent.FutureTask.run(FutureTask.java) [na:1.8.0_321]
	at java.util.concurrent.ScheduledThreadPoolExecutor$ScheduledFutureTask.access$201(ScheduledThreadPoolExecutor.java:180) [na:1.8.0_321]
	at java.util.concurrent.ScheduledThreadPoolExecutor$ScheduledFutureTask.run(ScheduledThreadPoolExecutor.java:293) [na:1.8.0_321]
	at java.util.concurrent.ThreadPoolExecutor.runWorker(ThreadPoolExecutor.java:1149) [na:1.8.0_321]
	at java.util.concurrent.ThreadPoolExecutor$Worker.run(ThreadPoolExecutor.java:624) [na:1.8.0_321]
	at java.lang.Thread.run(Thread.java:750) [na:1.8.0_321]

2022-04-29 16:46:42:522 ERROR 17728 --- [com.alibaba.nacos.client.Worker.longPolling.fixed-192.168.204.129_8848] c.a.n.client.config.impl.ClientWorker    : longPolling error : 

java.net.NoRouteToHostException: No route to host: connect
	at java.net.DualStackPlainSocketImpl.waitForConnect(Native Method) ~[na:1.8.0_321]
	at java.net.DualStackPlainSocketImpl.socketConnect(DualStackPlainSocketImpl.java:81) ~[na:1.8.0_321]
	at java.net.AbstractPlainSocketImpl.doConnect(AbstractPlainSocketImpl.java:476) ~[na:1.8.0_321]
	at java.net.AbstractPlainSocketImpl.connectToAddress(AbstractPlainSocketImpl.java:218) ~[na:1.8.0_321]
	at java.net.AbstractPlainSocketImpl.connect(AbstractPlainSocketImpl.java:200) ~[na:1.8.0_321]
	at java.net.PlainSocketImpl.connect(PlainSocketImpl.java:162) ~[na:1.8.0_321]
	at java.net.SocksSocketImpl.connect(SocksSocketImpl.java:394) ~[na:1.8.0_321]
	at java.net.Socket.connect(Socket.java:606) ~[na:1.8.0_321]
	at sun.net.NetworkClient.doConnect(NetworkClient.java:175) ~[na:1.8.0_321]
	at sun.net.www.http.HttpClient.openServer(HttpClient.java:463) ~[na:1.8.0_321]
	at sun.net.www.http.HttpClient.openServer(HttpClient.java:558) ~[na:1.8.0_321]
	at sun.net.www.http.HttpClient.<init>(HttpClient.java:242) ~[na:1.8.0_321]
	at sun.net.www.http.HttpClient.New(HttpClient.java:339) ~[na:1.8.0_321]
	at sun.net.www.http.HttpClient.New(HttpClient.java:357) ~[na:1.8.0_321]
	at sun.net.www.protocol.http.HttpURLConnection.getNewHttpClient(HttpURLConnection.java:1240) ~[na:1.8.0_321]
	at sun.net.www.protocol.http.HttpURLConnection.plainConnect0(HttpURLConnection.java:1167) ~[na:1.8.0_321]
	at sun.net.www.protocol.http.HttpURLConnection.plainConnect(HttpURLConnection.java:1061) ~[na:1.8.0_321]
	at sun.net.www.protocol.http.HttpURLConnection.connect(HttpURLConnection.java:995) ~[na:1.8.0_321]
	at sun.net.www.protocol.http.HttpURLConnection.getOutputStream0(HttpURLConnection.java:1354) ~[na:1.8.0_321]
	at sun.net.www.protocol.http.HttpURLConnection.getOutputStream(HttpURLConnection.java:1329) ~[na:1.8.0_321]
	at com.alibaba.nacos.common.http.client.request.JdkHttpClientRequest.execute(JdkHttpClientRequest.java:106) ~[nacos-common-1.4.2.jar:na]
	at com.alibaba.nacos.common.http.client.InterceptingHttpClientRequest.execute(InterceptingHttpClientRequest.java:53) ~[nacos-common-1.4.2.jar:na]
	at com.alibaba.nacos.common.http.client.NacosRestTemplate.execute(NacosRestTemplate.java:482) ~[nacos-common-1.4.2.jar:na]
	at com.alibaba.nacos.common.http.client.NacosRestTemplate.postForm(NacosRestTemplate.java:407) ~[nacos-common-1.4.2.jar:na]
	at com.alibaba.nacos.client.config.http.ServerHttpAgent.httpPost(ServerHttpAgent.java:155) ~[nacos-client-1.4.2.jar:na]
	at com.alibaba.nacos.client.config.http.MetricsHttpAgent.httpPost(MetricsHttpAgent.java:67) ~[nacos-client-1.4.2.jar:na]
	at com.alibaba.nacos.client.config.impl.ClientWorker.checkUpdateConfigStr(ClientWorker.java:380) ~[nacos-client-1.4.2.jar:na]
	at com.alibaba.nacos.client.config.impl.ClientWorker.checkUpdateDataIds(ClientWorker.java:347) ~[nacos-client-1.4.2.jar:na]
	at com.alibaba.nacos.client.config.impl.ClientWorker$LongPollingRunnable.run(ClientWorker.java:535) ~[nacos-client-1.4.2.jar:na]
	at java.util.concurrent.Executors$RunnableAdapter.call(Executors.java:511) [na:1.8.0_321]
	at java.util.concurrent.FutureTask.run$$$capture(FutureTask.java:266) [na:1.8.0_321]
	at java.util.concurrent.FutureTask.run(FutureTask.java) [na:1.8.0_321]
	at java.util.concurrent.ScheduledThreadPoolExecutor$ScheduledFutureTask.access$201(ScheduledThreadPoolExecutor.java:180) [na:1.8.0_321]
	at java.util.concurrent.ScheduledThreadPoolExecutor$ScheduledFutureTask.run(ScheduledThreadPoolExecutor.java:293) [na:1.8.0_321]
	at java.util.concurrent.ThreadPoolExecutor.runWorker(ThreadPoolExecutor.java:1149) [na:1.8.0_321]
	at java.util.concurrent.ThreadPoolExecutor$Worker.run(ThreadPoolExecutor.java:624) [na:1.8.0_321]
	at java.lang.Thread.run(Thread.java:750) [na:1.8.0_321]

2022-04-29 16:46:38 ERROR 7200 --- [com.alibaba.nacos.client.Worker.longPolling.fixed-192.168.204.129_8848] c.a.n.c.config.http.ServerHttpAgent      : [NACOS Exception httpPost] currentServerAddr: http://192.168.204.129:8848

java.net.NoRouteToHostException: No route to host: connect
	at java.net.DualStackPlainSocketImpl.waitForConnect(Native Method) ~[na:1.8.0_321]
	at java.net.DualStackPlainSocketImpl.socketConnect(DualStackPlainSocketImpl.java:81) ~[na:1.8.0_321]
	at java.net.AbstractPlainSocketImpl.doConnect(AbstractPlainSocketImpl.java:476) ~[na:1.8.0_321]
	at java.net.AbstractPlainSocketImpl.connectToAddress(AbstractPlainSocketImpl.java:218) ~[na:1.8.0_321]
	at java.net.AbstractPlainSocketImpl.connect(AbstractPlainSocketImpl.java:200) ~[na:1.8.0_321]
	at java.net.PlainSocketImpl.connect(PlainSocketImpl.java:162) ~[na:1.8.0_321]
	at java.net.SocksSocketImpl.connect(SocksSocketImpl.java:394) ~[na:1.8.0_321]
	at java.net.Socket.connect(Socket.java:606) ~[na:1.8.0_321]
	at sun.net.NetworkClient.doConnect(NetworkClient.java:175) ~[na:1.8.0_321]
	at sun.net.www.http.HttpClient.openServer(HttpClient.java:463) ~[na:1.8.0_321]
	at sun.net.www.http.HttpClient.openServer(HttpClient.java:558) ~[na:1.8.0_321]
	at sun.net.www.http.HttpClient.<init>(HttpClient.java:242) ~[na:1.8.0_321]
	at sun.net.www.http.HttpClient.New(HttpClient.java:339) ~[na:1.8.0_321]
	at sun.net.www.http.HttpClient.New(HttpClient.java:357) ~[na:1.8.0_321]
	at sun.net.www.protocol.http.HttpURLConnection.getNewHttpClient(HttpURLConnection.java:1240) ~[na:1.8.0_321]
	at sun.net.www.protocol.http.HttpURLConnection.plainConnect0(HttpURLConnection.java:1167) ~[na:1.8.0_321]
	at sun.net.www.protocol.http.HttpURLConnection.plainConnect(HttpURLConnection.java:1061) ~[na:1.8.0_321]
	at sun.net.www.protocol.http.HttpURLConnection.connect(HttpURLConnection.java:995) ~[na:1.8.0_321]
	at sun.net.www.protocol.http.HttpURLConnection.getOutputStream0(HttpURLConnection.java:1354) ~[na:1.8.0_321]
	at sun.net.www.protocol.http.HttpURLConnection.getOutputStream(HttpURLConnection.java:1329) ~[na:1.8.0_321]
	at com.alibaba.nacos.common.http.client.request.JdkHttpClientRequest.execute(JdkHttpClientRequest.java:106) ~[nacos-common-1.4.2.jar:na]
	at com.alibaba.nacos.common.http.client.InterceptingHttpClientRequest.execute(InterceptingHttpClientRequest.java:53) ~[nacos-common-1.4.2.jar:na]
	at com.alibaba.nacos.common.http.client.NacosRestTemplate.execute(NacosRestTemplate.java:482) ~[nacos-common-1.4.2.jar:na]
	at com.alibaba.nacos.common.http.client.NacosRestTemplate.postForm(NacosRestTemplate.java:407) ~[nacos-common-1.4.2.jar:na]
	at com.alibaba.nacos.client.config.http.ServerHttpAgent.httpPost(ServerHttpAgent.java:155) ~[nacos-client-1.4.2.jar:na]
	at com.alibaba.nacos.client.config.http.MetricsHttpAgent.httpPost(MetricsHttpAgent.java:67) [nacos-client-1.4.2.jar:na]
	at com.alibaba.nacos.client.config.impl.ClientWorker.checkUpdateConfigStr(ClientWorker.java:380) [nacos-client-1.4.2.jar:na]
	at com.alibaba.nacos.client.config.impl.ClientWorker.checkUpdateDataIds(ClientWorker.java:347) [nacos-client-1.4.2.jar:na]
	at com.alibaba.nacos.client.config.impl.ClientWorker$LongPollingRunnable.run(ClientWorker.java:535) [nacos-client-1.4.2.jar:na]
	at java.util.concurrent.Executors$RunnableAdapter.call(Executors.java:511) [na:1.8.0_321]
	at java.util.concurrent.FutureTask.run$$$capture(FutureTask.java:266) [na:1.8.0_321]
	at java.util.concurrent.FutureTask.run(FutureTask.java) [na:1.8.0_321]
	at java.util.concurrent.ScheduledThreadPoolExecutor$ScheduledFutureTask.access$201(ScheduledThreadPoolExecutor.java:180) [na:1.8.0_321]
	at java.util.concurrent.ScheduledThreadPoolExecutor$ScheduledFutureTask.run(ScheduledThreadPoolExecutor.java:293) [na:1.8.0_321]
	at java.util.concurrent.ThreadPoolExecutor.runWorker(ThreadPoolExecutor.java:1149) [na:1.8.0_321]
	at java.util.concurrent.ThreadPoolExecutor$Worker.run(ThreadPoolExecutor.java:624) [na:1.8.0_321]
	at java.lang.Thread.run(Thread.java:750) [na:1.8.0_321]

2022-04-29 16:46:39:135 ERROR 17728 --- [com.alibaba.nacos.naming.beat.sender] com.alibaba.nacos.client.naming          : [NA] failed to request

java.net.NoRouteToHostException: No route to host: connect
	at java.net.DualStackPlainSocketImpl.waitForConnect(Native Method) ~[na:1.8.0_321]
	at java.net.DualStackPlainSocketImpl.socketConnect(DualStackPlainSocketImpl.java:81) ~[na:1.8.0_321]
	at java.net.AbstractPlainSocketImpl.doConnect(AbstractPlainSocketImpl.java:476) ~[na:1.8.0_321]
	at java.net.AbstractPlainSocketImpl.connectToAddress(AbstractPlainSocketImpl.java:218) ~[na:1.8.0_321]
	at java.net.AbstractPlainSocketImpl.connect(AbstractPlainSocketImpl.java:200) ~[na:1.8.0_321]
	at java.net.PlainSocketImpl.connect(PlainSocketImpl.java:162) ~[na:1.8.0_321]
	at java.net.SocksSocketImpl.connect(SocksSocketImpl.java:394) ~[na:1.8.0_321]
	at java.net.Socket.connect(Socket.java:606) ~[na:1.8.0_321]
	at sun.net.NetworkClient.doConnect(NetworkClient.java:175) ~[na:1.8.0_321]
	at sun.net.www.http.HttpClient.openServer(HttpClient.java:463) ~[na:1.8.0_321]
	at sun.net.www.http.HttpClient.openServer(HttpClient.java:558) ~[na:1.8.0_321]
	at sun.net.www.http.HttpClient.<init>(HttpClient.java:242) ~[na:1.8.0_321]
	at sun.net.www.http.HttpClient.New(HttpClient.java:339) ~[na:1.8.0_321]
	at sun.net.www.http.HttpClient.New(HttpClient.java:357) ~[na:1.8.0_321]
	at sun.net.www.protocol.http.HttpURLConnection.getNewHttpClient(HttpURLConnection.java:1240) ~[na:1.8.0_321]
	at sun.net.www.protocol.http.HttpURLConnection.plainConnect0(HttpURLConnection.java:1167) ~[na:1.8.0_321]
	at sun.net.www.protocol.http.HttpURLConnection.plainConnect(HttpURLConnection.java:1061) ~[na:1.8.0_321]
	at sun.net.www.protocol.http.HttpURLConnection.connect(HttpURLConnection.java:995) ~[na:1.8.0_321]
	at com.alibaba.nacos.common.http.client.request.JdkHttpClientRequest.execute(JdkHttpClientRequest.java:112) ~[nacos-common-1.4.2.jar:na]
	at com.alibaba.nacos.common.http.client.NacosRestTemplate.execute(NacosRestTemplate.java:482) ~[nacos-common-1.4.2.jar:na]
	at com.alibaba.nacos.common.http.client.NacosRestTemplate.exchangeForm(NacosRestTemplate.java:427) ~[nacos-common-1.4.2.jar:na]
	at com.alibaba.nacos.client.naming.net.NamingProxy.callServer(NamingProxy.java:603) [nacos-client-1.4.2.jar:na]
	at com.alibaba.nacos.client.naming.net.NamingProxy.reqApi(NamingProxy.java:526) [nacos-client-1.4.2.jar:na]
	at com.alibaba.nacos.client.naming.net.NamingProxy.reqApi(NamingProxy.java:498) [nacos-client-1.4.2.jar:na]
	at com.alibaba.nacos.client.naming.net.NamingProxy.sendBeat(NamingProxy.java:433) [nacos-client-1.4.2.jar:na]
	at com.alibaba.nacos.client.naming.beat.BeatReactor$BeatTask.run(BeatReactor.java:167) [nacos-client-1.4.2.jar:na]
	at java.util.concurrent.Executors$RunnableAdapter.call(Executors.java:511) [na:1.8.0_321]
	at java.util.concurrent.FutureTask.run$$$capture(FutureTask.java:266) [na:1.8.0_321]
	at java.util.concurrent.FutureTask.run(FutureTask.java) [na:1.8.0_321]
	at java.util.concurrent.ScheduledThreadPoolExecutor$ScheduledFutureTask.access$201(ScheduledThreadPoolExecutor.java:180) [na:1.8.0_321]
	at java.util.concurrent.ScheduledThreadPoolExecutor$ScheduledFutureTask.run(ScheduledThreadPoolExecutor.java:293) [na:1.8.0_321]
	at java.util.concurrent.ThreadPoolExecutor.runWorker(ThreadPoolExecutor.java:1149) [na:1.8.0_321]
	at java.util.concurrent.ThreadPoolExecutor$Worker.run(ThreadPoolExecutor.java:624) [na:1.8.0_321]
	at java.lang.Thread.run(Thread.java:750) [na:1.8.0_321]

2022-04-29 16:46:40 ERROR 7200 --- [com.alibaba.nacos.naming.beat.sender] com.alibaba.nacos.client.naming          : [NA] failed to request

java.net.NoRouteToHostException: No route to host: connect
	at java.net.DualStackPlainSocketImpl.waitForConnect(Native Method) ~[na:1.8.0_321]
	at java.net.DualStackPlainSocketImpl.socketConnect(DualStackPlainSocketImpl.java:81) ~[na:1.8.0_321]
	at java.net.AbstractPlainSocketImpl.doConnect(AbstractPlainSocketImpl.java:476) ~[na:1.8.0_321]
	at java.net.AbstractPlainSocketImpl.connectToAddress(AbstractPlainSocketImpl.java:218) ~[na:1.8.0_321]
	at java.net.AbstractPlainSocketImpl.connect(AbstractPlainSocketImpl.java:200) ~[na:1.8.0_321]
	at java.net.PlainSocketImpl.connect(PlainSocketImpl.java:162) ~[na:1.8.0_321]
	at java.net.SocksSocketImpl.connect(SocksSocketImpl.java:394) ~[na:1.8.0_321]
	at java.net.Socket.connect(Socket.java:606) ~[na:1.8.0_321]
	at sun.net.NetworkClient.doConnect(NetworkClient.java:175) ~[na:1.8.0_321]
	at sun.net.www.http.HttpClient.openServer(HttpClient.java:463) ~[na:1.8.0_321]
	at sun.net.www.http.HttpClient.openServer(HttpClient.java:558) ~[na:1.8.0_321]
	at sun.net.www.http.HttpClient.<init>(HttpClient.java:242) ~[na:1.8.0_321]
	at sun.net.www.http.HttpClient.New(HttpClient.java:339) ~[na:1.8.0_321]
	at sun.net.www.http.HttpClient.New(HttpClient.java:357) ~[na:1.8.0_321]
	at sun.net.www.protocol.http.HttpURLConnection.getNewHttpClient(HttpURLConnection.java:1240) ~[na:1.8.0_321]
	at sun.net.www.protocol.http.HttpURLConnection.plainConnect0(HttpURLConnection.java:1167) ~[na:1.8.0_321]
	at sun.net.www.protocol.http.HttpURLConnection.plainConnect(HttpURLConnection.java:1061) ~[na:1.8.0_321]
	at sun.net.www.protocol.http.HttpURLConnection.connect(HttpURLConnection.java:995) ~[na:1.8.0_321]
	at com.alibaba.nacos.common.http.client.request.JdkHttpClientRequest.execute(JdkHttpClientRequest.java:112) ~[nacos-common-1.4.2.jar:na]
	at com.alibaba.nacos.common.http.client.NacosRestTemplate.execute(NacosRestTemplate.java:482) ~[nacos-common-1.4.2.jar:na]
	at com.alibaba.nacos.common.http.client.NacosRestTemplate.exchangeForm(NacosRestTemplate.java:427) ~[nacos-common-1.4.2.jar:na]
	at com.alibaba.nacos.client.naming.net.NamingProxy.callServer(NamingProxy.java:603) [nacos-client-1.4.2.jar:na]
	at com.alibaba.nacos.client.naming.net.NamingProxy.reqApi(NamingProxy.java:526) [nacos-client-1.4.2.jar:na]
	at com.alibaba.nacos.client.naming.net.NamingProxy.reqApi(NamingProxy.java:498) [nacos-client-1.4.2.jar:na]
	at com.alibaba.nacos.client.naming.net.NamingProxy.sendBeat(NamingProxy.java:433) [nacos-client-1.4.2.jar:na]
	at com.alibaba.nacos.client.naming.beat.BeatReactor$BeatTask.run(BeatReactor.java:167) [nacos-client-1.4.2.jar:na]
	at java.util.concurrent.Executors$RunnableAdapter.call(Executors.java:511) [na:1.8.0_321]
	at java.util.concurrent.FutureTask.run$$$capture(FutureTask.java:266) [na:1.8.0_321]
	at java.util.concurrent.FutureTask.run(FutureTask.java) [na:1.8.0_321]
	at java.util.concurrent.ScheduledThreadPoolExecutor$ScheduledFutureTask.access$201(ScheduledThreadPoolExecutor.java:180) [na:1.8.0_321]
	at java.util.concurrent.ScheduledThreadPoolExecutor$ScheduledFutureTask.run(ScheduledThreadPoolExecutor.java:293) [na:1.8.0_321]
	at java.util.concurrent.ThreadPoolExecutor.runWorker(ThreadPoolExecutor.java:1149) [na:1.8.0_321]
	at java.util.concurrent.ThreadPoolExecutor$Worker.run(ThreadPoolExecutor.java:624) [na:1.8.0_321]
	at java.lang.Thread.run(Thread.java:750) [na:1.8.0_321]

2022-04-29 16:46:42 ERROR 7200 --- [com.alibaba.nacos.client.Worker.longPolling.fixed-192.168.204.129_8848] c.a.n.client.config.impl.ClientWorker    : [fixed-192.168.204.129_8848] [check-update] get changed dataId exception

java.net.NoRouteToHostException: No route to host: connect
	at java.net.DualStackPlainSocketImpl.waitForConnect(Native Method) ~[na:1.8.0_321]
	at java.net.DualStackPlainSocketImpl.socketConnect(DualStackPlainSocketImpl.java:81) ~[na:1.8.0_321]
	at java.net.AbstractPlainSocketImpl.doConnect(AbstractPlainSocketImpl.java:476) ~[na:1.8.0_321]
	at java.net.AbstractPlainSocketImpl.connectToAddress(AbstractPlainSocketImpl.java:218) ~[na:1.8.0_321]
	at java.net.AbstractPlainSocketImpl.connect(AbstractPlainSocketImpl.java:200) ~[na:1.8.0_321]
	at java.net.PlainSocketImpl.connect(PlainSocketImpl.java:162) ~[na:1.8.0_321]
	at java.net.SocksSocketImpl.connect(SocksSocketImpl.java:394) ~[na:1.8.0_321]
	at java.net.Socket.connect(Socket.java:606) ~[na:1.8.0_321]
	at sun.net.NetworkClient.doConnect(NetworkClient.java:175) ~[na:1.8.0_321]
	at sun.net.www.http.HttpClient.openServer(HttpClient.java:463) ~[na:1.8.0_321]
	at sun.net.www.http.HttpClient.openServer(HttpClient.java:558) ~[na:1.8.0_321]
	at sun.net.www.http.HttpClient.<init>(HttpClient.java:242) ~[na:1.8.0_321]
	at sun.net.www.http.HttpClient.New(HttpClient.java:339) ~[na:1.8.0_321]
	at sun.net.www.http.HttpClient.New(HttpClient.java:357) ~[na:1.8.0_321]
	at sun.net.www.protocol.http.HttpURLConnection.getNewHttpClient(HttpURLConnection.java:1240) ~[na:1.8.0_321]
	at sun.net.www.protocol.http.HttpURLConnection.plainConnect0(HttpURLConnection.java:1167) ~[na:1.8.0_321]
	at sun.net.www.protocol.http.HttpURLConnection.plainConnect(HttpURLConnection.java:1061) ~[na:1.8.0_321]
	at sun.net.www.protocol.http.HttpURLConnection.connect(HttpURLConnection.java:995) ~[na:1.8.0_321]
	at sun.net.www.protocol.http.HttpURLConnection.getOutputStream0(HttpURLConnection.java:1354) ~[na:1.8.0_321]
	at sun.net.www.protocol.http.HttpURLConnection.getOutputStream(HttpURLConnection.java:1329) ~[na:1.8.0_321]
	at com.alibaba.nacos.common.http.client.request.JdkHttpClientRequest.execute(JdkHttpClientRequest.java:106) ~[nacos-common-1.4.2.jar:na]
	at com.alibaba.nacos.common.http.client.InterceptingHttpClientRequest.execute(InterceptingHttpClientRequest.java:53) ~[nacos-common-1.4.2.jar:na]
	at com.alibaba.nacos.common.http.client.NacosRestTemplate.execute(NacosRestTemplate.java:482) ~[nacos-common-1.4.2.jar:na]
	at com.alibaba.nacos.common.http.client.NacosRestTemplate.postForm(NacosRestTemplate.java:407) ~[nacos-common-1.4.2.jar:na]
	at com.alibaba.nacos.client.config.http.ServerHttpAgent.httpPost(ServerHttpAgent.java:155) ~[nacos-client-1.4.2.jar:na]
	at com.alibaba.nacos.client.config.http.MetricsHttpAgent.httpPost(MetricsHttpAgent.java:67) ~[nacos-client-1.4.2.jar:na]
	at com.alibaba.nacos.client.config.impl.ClientWorker.checkUpdateConfigStr(ClientWorker.java:380) [nacos-client-1.4.2.jar:na]
	at com.alibaba.nacos.client.config.impl.ClientWorker.checkUpdateDataIds(ClientWorker.java:347) [nacos-client-1.4.2.jar:na]
	at com.alibaba.nacos.client.config.impl.ClientWorker$LongPollingRunnable.run(ClientWorker.java:535) [nacos-client-1.4.2.jar:na]
	at java.util.concurrent.Executors$RunnableAdapter.call(Executors.java:511) [na:1.8.0_321]
	at java.util.concurrent.FutureTask.run$$$capture(FutureTask.java:266) [na:1.8.0_321]
	at java.util.concurrent.FutureTask.run(FutureTask.java) [na:1.8.0_321]
	at java.util.concurrent.ScheduledThreadPoolExecutor$ScheduledFutureTask.access$201(ScheduledThreadPoolExecutor.java:180) [na:1.8.0_321]
	at java.util.concurrent.ScheduledThreadPoolExecutor$ScheduledFutureTask.run(ScheduledThreadPoolExecutor.java:293) [na:1.8.0_321]
	at java.util.concurrent.ThreadPoolExecutor.runWorker(ThreadPoolExecutor.java:1149) [na:1.8.0_321]
	at java.util.concurrent.ThreadPoolExecutor$Worker.run(ThreadPoolExecutor.java:624) [na:1.8.0_321]
	at java.lang.Thread.run(Thread.java:750) [na:1.8.0_321]

2022-04-29 16:46:42 ERROR 7200 --- [com.alibaba.nacos.client.Worker.longPolling.fixed-192.168.204.129_8848] c.a.n.client.config.impl.ClientWorker    : longPolling error : 

java.net.NoRouteToHostException: No route to host: connect
	at java.net.DualStackPlainSocketImpl.waitForConnect(Native Method) ~[na:1.8.0_321]
	at java.net.DualStackPlainSocketImpl.socketConnect(DualStackPlainSocketImpl.java:81) ~[na:1.8.0_321]
	at java.net.AbstractPlainSocketImpl.doConnect(AbstractPlainSocketImpl.java:476) ~[na:1.8.0_321]
	at java.net.AbstractPlainSocketImpl.connectToAddress(AbstractPlainSocketImpl.java:218) ~[na:1.8.0_321]
	at java.net.AbstractPlainSocketImpl.connect(AbstractPlainSocketImpl.java:200) ~[na:1.8.0_321]
	at java.net.PlainSocketImpl.connect(PlainSocketImpl.java:162) ~[na:1.8.0_321]
	at java.net.SocksSocketImpl.connect(SocksSocketImpl.java:394) ~[na:1.8.0_321]
	at java.net.Socket.connect(Socket.java:606) ~[na:1.8.0_321]
	at sun.net.NetworkClient.doConnect(NetworkClient.java:175) ~[na:1.8.0_321]
	at sun.net.www.http.HttpClient.openServer(HttpClient.java:463) ~[na:1.8.0_321]
	at sun.net.www.http.HttpClient.openServer(HttpClient.java:558) ~[na:1.8.0_321]
	at sun.net.www.http.HttpClient.<init>(HttpClient.java:242) ~[na:1.8.0_321]
	at sun.net.www.http.HttpClient.New(HttpClient.java:339) ~[na:1.8.0_321]
	at sun.net.www.http.HttpClient.New(HttpClient.java:357) ~[na:1.8.0_321]
	at sun.net.www.protocol.http.HttpURLConnection.getNewHttpClient(HttpURLConnection.java:1240) ~[na:1.8.0_321]
	at sun.net.www.protocol.http.HttpURLConnection.plainConnect0(HttpURLConnection.java:1167) ~[na:1.8.0_321]
	at sun.net.www.protocol.http.HttpURLConnection.plainConnect(HttpURLConnection.java:1061) ~[na:1.8.0_321]
	at sun.net.www.protocol.http.HttpURLConnection.connect(HttpURLConnection.java:995) ~[na:1.8.0_321]
	at sun.net.www.protocol.http.HttpURLConnection.getOutputStream0(HttpURLConnection.java:1354) ~[na:1.8.0_321]
	at sun.net.www.protocol.http.HttpURLConnection.getOutputStream(HttpURLConnection.java:1329) ~[na:1.8.0_321]
	at com.alibaba.nacos.common.http.client.request.JdkHttpClientRequest.execute(JdkHttpClientRequest.java:106) ~[nacos-common-1.4.2.jar:na]
	at com.alibaba.nacos.common.http.client.InterceptingHttpClientRequest.execute(InterceptingHttpClientRequest.java:53) ~[nacos-common-1.4.2.jar:na]
	at com.alibaba.nacos.common.http.client.NacosRestTemplate.execute(NacosRestTemplate.java:482) ~[nacos-common-1.4.2.jar:na]
	at com.alibaba.nacos.common.http.client.NacosRestTemplate.postForm(NacosRestTemplate.java:407) ~[nacos-common-1.4.2.jar:na]
	at com.alibaba.nacos.client.config.http.ServerHttpAgent.httpPost(ServerHttpAgent.java:155) ~[nacos-client-1.4.2.jar:na]
	at com.alibaba.nacos.client.config.http.MetricsHttpAgent.httpPost(MetricsHttpAgent.java:67) ~[nacos-client-1.4.2.jar:na]
	at com.alibaba.nacos.client.config.impl.ClientWorker.checkUpdateConfigStr(ClientWorker.java:380) ~[nacos-client-1.4.2.jar:na]
	at com.alibaba.nacos.client.config.impl.ClientWorker.checkUpdateDataIds(ClientWorker.java:347) ~[nacos-client-1.4.2.jar:na]
	at com.alibaba.nacos.client.config.impl.ClientWorker$LongPollingRunnable.run(ClientWorker.java:535) ~[nacos-client-1.4.2.jar:na]
	at java.util.concurrent.Executors$RunnableAdapter.call(Executors.java:511) [na:1.8.0_321]
	at java.util.concurrent.FutureTask.run$$$capture(FutureTask.java:266) [na:1.8.0_321]
	at java.util.concurrent.FutureTask.run(FutureTask.java) [na:1.8.0_321]
	at java.util.concurrent.ScheduledThreadPoolExecutor$ScheduledFutureTask.access$201(ScheduledThreadPoolExecutor.java:180) [na:1.8.0_321]
	at java.util.concurrent.ScheduledThreadPoolExecutor$ScheduledFutureTask.run(ScheduledThreadPoolExecutor.java:293) [na:1.8.0_321]
	at java.util.concurrent.ThreadPoolExecutor.runWorker(ThreadPoolExecutor.java:1149) [na:1.8.0_321]
	at java.util.concurrent.ThreadPoolExecutor$Worker.run(ThreadPoolExecutor.java:624) [na:1.8.0_321]
	at java.lang.Thread.run(Thread.java:750) [na:1.8.0_321]

2022-04-29 16:46:44  WARN 7200 --- [HikariPool-1 housekeeper] com.zaxxer.hikari.pool.HikariPool        : HikariPool-1 - Thread starvation or clock leap detected (housekeeper delta=18h1m16s166ms245µs500ns).
2022-04-29 16:46:45:568 ERROR 17728 --- [com.alibaba.nacos.naming.beat.sender] com.alibaba.nacos.client.naming          : [NA] failed to request

java.net.SocketTimeoutException: connect timed out
	at java.net.DualStackPlainSocketImpl.waitForConnect(Native Method) ~[na:1.8.0_321]
	at java.net.DualStackPlainSocketImpl.socketConnect(DualStackPlainSocketImpl.java:81) ~[na:1.8.0_321]
	at java.net.AbstractPlainSocketImpl.doConnect(AbstractPlainSocketImpl.java:476) ~[na:1.8.0_321]
	at java.net.AbstractPlainSocketImpl.connectToAddress(AbstractPlainSocketImpl.java:218) ~[na:1.8.0_321]
	at java.net.AbstractPlainSocketImpl.connect(AbstractPlainSocketImpl.java:200) ~[na:1.8.0_321]
	at java.net.PlainSocketImpl.connect(PlainSocketImpl.java:162) ~[na:1.8.0_321]
	at java.net.SocksSocketImpl.connect(SocksSocketImpl.java:394) ~[na:1.8.0_321]
	at java.net.Socket.connect(Socket.java:606) ~[na:1.8.0_321]
	at sun.net.NetworkClient.doConnect(NetworkClient.java:175) ~[na:1.8.0_321]
	at sun.net.www.http.HttpClient.openServer(HttpClient.java:463) ~[na:1.8.0_321]
	at sun.net.www.http.HttpClient.openServer(HttpClient.java:558) ~[na:1.8.0_321]
	at sun.net.www.http.HttpClient.<init>(HttpClient.java:242) ~[na:1.8.0_321]
	at sun.net.www.http.HttpClient.New(HttpClient.java:339) ~[na:1.8.0_321]
	at sun.net.www.http.HttpClient.New(HttpClient.java:357) ~[na:1.8.0_321]
	at sun.net.www.protocol.http.HttpURLConnection.getNewHttpClient(HttpURLConnection.java:1240) ~[na:1.8.0_321]
	at sun.net.www.protocol.http.HttpURLConnection.plainConnect0(HttpURLConnection.java:1167) ~[na:1.8.0_321]
	at sun.net.www.protocol.http.HttpURLConnection.plainConnect(HttpURLConnection.java:1061) ~[na:1.8.0_321]
	at sun.net.www.protocol.http.HttpURLConnection.connect(HttpURLConnection.java:995) ~[na:1.8.0_321]
	at com.alibaba.nacos.common.http.client.request.JdkHttpClientRequest.execute(JdkHttpClientRequest.java:112) ~[nacos-common-1.4.2.jar:na]
	at com.alibaba.nacos.common.http.client.NacosRestTemplate.execute(NacosRestTemplate.java:482) ~[nacos-common-1.4.2.jar:na]
	at com.alibaba.nacos.common.http.client.NacosRestTemplate.exchangeForm(NacosRestTemplate.java:427) ~[nacos-common-1.4.2.jar:na]
	at com.alibaba.nacos.client.naming.net.NamingProxy.callServer(NamingProxy.java:603) [nacos-client-1.4.2.jar:na]
	at com.alibaba.nacos.client.naming.net.NamingProxy.reqApi(NamingProxy.java:526) [nacos-client-1.4.2.jar:na]
	at com.alibaba.nacos.client.naming.net.NamingProxy.reqApi(NamingProxy.java:498) [nacos-client-1.4.2.jar:na]
	at com.alibaba.nacos.client.naming.net.NamingProxy.sendBeat(NamingProxy.java:433) [nacos-client-1.4.2.jar:na]
	at com.alibaba.nacos.client.naming.beat.BeatReactor$BeatTask.run(BeatReactor.java:167) [nacos-client-1.4.2.jar:na]
	at java.util.concurrent.Executors$RunnableAdapter.call(Executors.java:511) [na:1.8.0_321]
	at java.util.concurrent.FutureTask.run$$$capture(FutureTask.java:266) [na:1.8.0_321]
	at java.util.concurrent.FutureTask.run(FutureTask.java) [na:1.8.0_321]
	at java.util.concurrent.ScheduledThreadPoolExecutor$ScheduledFutureTask.access$201(ScheduledThreadPoolExecutor.java:180) [na:1.8.0_321]
	at java.util.concurrent.ScheduledThreadPoolExecutor$ScheduledFutureTask.run(ScheduledThreadPoolExecutor.java:293) [na:1.8.0_321]
	at java.util.concurrent.ThreadPoolExecutor.runWorker(ThreadPoolExecutor.java:1149) [na:1.8.0_321]
	at java.util.concurrent.ThreadPoolExecutor$Worker.run(ThreadPoolExecutor.java:624) [na:1.8.0_321]
	at java.lang.Thread.run(Thread.java:750) [na:1.8.0_321]

2022-04-29 16:46:45 ERROR 7200 --- [com.alibaba.nacos.naming.beat.sender] com.alibaba.nacos.client.naming          : [NA] failed to request

java.net.SocketTimeoutException: connect timed out
	at java.net.DualStackPlainSocketImpl.waitForConnect(Native Method) ~[na:1.8.0_321]
	at java.net.DualStackPlainSocketImpl.socketConnect(DualStackPlainSocketImpl.java:81) ~[na:1.8.0_321]
	at java.net.AbstractPlainSocketImpl.doConnect(AbstractPlainSocketImpl.java:476) ~[na:1.8.0_321]
	at java.net.AbstractPlainSocketImpl.connectToAddress(AbstractPlainSocketImpl.java:218) ~[na:1.8.0_321]
	at java.net.AbstractPlainSocketImpl.connect(AbstractPlainSocketImpl.java:200) ~[na:1.8.0_321]
	at java.net.PlainSocketImpl.connect(PlainSocketImpl.java:162) ~[na:1.8.0_321]
	at java.net.SocksSocketImpl.connect(SocksSocketImpl.java:394) ~[na:1.8.0_321]
	at java.net.Socket.connect(Socket.java:606) ~[na:1.8.0_321]
	at sun.net.NetworkClient.doConnect(NetworkClient.java:175) ~[na:1.8.0_321]
	at sun.net.www.http.HttpClient.openServer(HttpClient.java:463) ~[na:1.8.0_321]
	at sun.net.www.http.HttpClient.openServer(HttpClient.java:558) ~[na:1.8.0_321]
	at sun.net.www.http.HttpClient.<init>(HttpClient.java:242) ~[na:1.8.0_321]
	at sun.net.www.http.HttpClient.New(HttpClient.java:339) ~[na:1.8.0_321]
	at sun.net.www.http.HttpClient.New(HttpClient.java:357) ~[na:1.8.0_321]
	at sun.net.www.protocol.http.HttpURLConnection.getNewHttpClient(HttpURLConnection.java:1240) ~[na:1.8.0_321]
	at sun.net.www.protocol.http.HttpURLConnection.plainConnect0(HttpURLConnection.java:1167) ~[na:1.8.0_321]
	at sun.net.www.protocol.http.HttpURLConnection.plainConnect(HttpURLConnection.java:1061) ~[na:1.8.0_321]
	at sun.net.www.protocol.http.HttpURLConnection.connect(HttpURLConnection.java:995) ~[na:1.8.0_321]
	at com.alibaba.nacos.common.http.client.request.JdkHttpClientRequest.execute(JdkHttpClientRequest.java:112) ~[nacos-common-1.4.2.jar:na]
	at com.alibaba.nacos.common.http.client.NacosRestTemplate.execute(NacosRestTemplate.java:482) ~[nacos-common-1.4.2.jar:na]
	at com.alibaba.nacos.common.http.client.NacosRestTemplate.exchangeForm(NacosRestTemplate.java:427) ~[nacos-common-1.4.2.jar:na]
	at com.alibaba.nacos.client.naming.net.NamingProxy.callServer(NamingProxy.java:603) [nacos-client-1.4.2.jar:na]
	at com.alibaba.nacos.client.naming.net.NamingProxy.reqApi(NamingProxy.java:526) [nacos-client-1.4.2.jar:na]
	at com.alibaba.nacos.client.naming.net.NamingProxy.reqApi(NamingProxy.java:498) [nacos-client-1.4.2.jar:na]
	at com.alibaba.nacos.client.naming.net.NamingProxy.sendBeat(NamingProxy.java:433) [nacos-client-1.4.2.jar:na]
	at com.alibaba.nacos.client.naming.beat.BeatReactor$BeatTask.run(BeatReactor.java:167) [nacos-client-1.4.2.jar:na]
	at java.util.concurrent.Executors$RunnableAdapter.call(Executors.java:511) [na:1.8.0_321]
	at java.util.concurrent.FutureTask.run$$$capture(FutureTask.java:266) [na:1.8.0_321]
	at java.util.concurrent.FutureTask.run(FutureTask.java) [na:1.8.0_321]
	at java.util.concurrent.ScheduledThreadPoolExecutor$ScheduledFutureTask.access$201(ScheduledThreadPoolExecutor.java:180) [na:1.8.0_321]
	at java.util.concurrent.ScheduledThreadPoolExecutor$ScheduledFutureTask.run(ScheduledThreadPoolExecutor.java:293) [na:1.8.0_321]
	at java.util.concurrent.ThreadPoolExecutor.runWorker(ThreadPoolExecutor.java:1149) [na:1.8.0_321]
	at java.util.concurrent.ThreadPoolExecutor$Worker.run(ThreadPoolExecutor.java:624) [na:1.8.0_321]
	at java.lang.Thread.run(Thread.java:750) [na:1.8.0_321]

2022-04-29 16:46:47 ERROR 7200 --- [com.alibaba.nacos.client.naming.updater] com.alibaba.nacos.client.naming          : [NA] failed to request

java.net.SocketTimeoutException: connect timed out
	at java.net.DualStackPlainSocketImpl.waitForConnect(Native Method) ~[na:1.8.0_321]
	at java.net.DualStackPlainSocketImpl.socketConnect(DualStackPlainSocketImpl.java:81) ~[na:1.8.0_321]
	at java.net.AbstractPlainSocketImpl.doConnect(AbstractPlainSocketImpl.java:476) ~[na:1.8.0_321]
	at java.net.AbstractPlainSocketImpl.connectToAddress(AbstractPlainSocketImpl.java:218) ~[na:1.8.0_321]
	at java.net.AbstractPlainSocketImpl.connect(AbstractPlainSocketImpl.java:200) ~[na:1.8.0_321]
	at java.net.PlainSocketImpl.connect(PlainSocketImpl.java:162) ~[na:1.8.0_321]
	at java.net.SocksSocketImpl.connect(SocksSocketImpl.java:394) ~[na:1.8.0_321]
	at java.net.Socket.connect(Socket.java:606) ~[na:1.8.0_321]
	at sun.net.NetworkClient.doConnect(NetworkClient.java:175) ~[na:1.8.0_321]
	at sun.net.www.http.HttpClient.openServer(HttpClient.java:463) ~[na:1.8.0_321]
	at sun.net.www.http.HttpClient.openServer(HttpClient.java:558) ~[na:1.8.0_321]
	at sun.net.www.http.HttpClient.<init>(HttpClient.java:242) ~[na:1.8.0_321]
	at sun.net.www.http.HttpClient.New(HttpClient.java:339) ~[na:1.8.0_321]
	at sun.net.www.http.HttpClient.New(HttpClient.java:357) ~[na:1.8.0_321]
	at sun.net.www.protocol.http.HttpURLConnection.getNewHttpClient(HttpURLConnection.java:1240) ~[na:1.8.0_321]
	at sun.net.www.protocol.http.HttpURLConnection.plainConnect0(HttpURLConnection.java:1167) ~[na:1.8.0_321]
	at sun.net.www.protocol.http.HttpURLConnection.plainConnect(HttpURLConnection.java:1061) ~[na:1.8.0_321]
	at sun.net.www.protocol.http.HttpURLConnection.connect(HttpURLConnection.java:995) ~[na:1.8.0_321]
	at com.alibaba.nacos.common.http.client.request.JdkHttpClientRequest.execute(JdkHttpClientRequest.java:112) ~[nacos-common-1.4.2.jar:na]
	at com.alibaba.nacos.common.http.client.NacosRestTemplate.execute(NacosRestTemplate.java:482) ~[nacos-common-1.4.2.jar:na]
	at com.alibaba.nacos.common.http.client.NacosRestTemplate.exchangeForm(NacosRestTemplate.java:427) ~[nacos-common-1.4.2.jar:na]
	at com.alibaba.nacos.client.naming.net.NamingProxy.callServer(NamingProxy.java:603) [nacos-client-1.4.2.jar:na]
	at com.alibaba.nacos.client.naming.net.NamingProxy.reqApi(NamingProxy.java:526) [nacos-client-1.4.2.jar:na]
	at com.alibaba.nacos.client.naming.net.NamingProxy.reqApi(NamingProxy.java:498) [nacos-client-1.4.2.jar:na]
	at com.alibaba.nacos.client.naming.net.NamingProxy.reqApi(NamingProxy.java:493) [nacos-client-1.4.2.jar:na]
	at com.alibaba.nacos.client.naming.net.NamingProxy.queryList(NamingProxy.java:407) [nacos-client-1.4.2.jar:na]
	at com.alibaba.nacos.client.naming.core.HostReactor.updateService(HostReactor.java:382) [nacos-client-1.4.2.jar:na]
	at com.alibaba.nacos.client.naming.core.HostReactor$UpdateTask.run(HostReactor.java:464) [nacos-client-1.4.2.jar:na]
	at java.util.concurrent.Executors$RunnableAdapter.call(Executors.java:511) [na:1.8.0_321]
	at java.util.concurrent.FutureTask.run$$$capture(FutureTask.java:266) [na:1.8.0_321]
	at java.util.concurrent.FutureTask.run(FutureTask.java) [na:1.8.0_321]
	at java.util.concurrent.ScheduledThreadPoolExecutor$ScheduledFutureTask.access$201(ScheduledThreadPoolExecutor.java:180) [na:1.8.0_321]
	at java.util.concurrent.ScheduledThreadPoolExecutor$ScheduledFutureTask.run(ScheduledThreadPoolExecutor.java:293) [na:1.8.0_321]
	at java.util.concurrent.ThreadPoolExecutor.runWorker(ThreadPoolExecutor.java:1149) [na:1.8.0_321]
	at java.util.concurrent.ThreadPoolExecutor$Worker.run(ThreadPoolExecutor.java:624) [na:1.8.0_321]
	at java.lang.Thread.run(Thread.java:750) [na:1.8.0_321]

2022-04-29 16:46:47  INFO 7200 --- [com.alibaba.nacos.client.naming.updater] com.alibaba.nacos.client.naming          : removed ips(1) service: DEFAULT_GROUP@@userservice@@SZ -> [{"instanceId":"192.168.204.1#8111#SZ#DEFAULT_GROUP@@userservice","ip":"192.168.204.1","port":8111,"weight":1.0,"healthy":true,"enabled":true,"ephemeral":true,"clusterName":"SZ","serviceName":"DEFAULT_GROUP@@userservice","metadata":{"preserved.register.source":"SPRING_CLOUD"},"instanceHeartBeatInterval":5000,"instanceHeartBeatTimeOut":15000,"ipDeleteTimeout":30000}]
2022-04-29 16:46:47  INFO 7200 --- [com.alibaba.nacos.client.naming.updater] com.alibaba.nacos.client.naming          : current ips:(0) service: DEFAULT_GROUP@@userservice@@SZ -> []
2022-04-29 16:46:47:343 ERROR 17728 --- [com.alibaba.nacos.client.naming.updater] com.alibaba.nacos.client.naming          : [NA] failed to request

java.net.SocketTimeoutException: connect timed out
	at java.net.DualStackPlainSocketImpl.waitForConnect(Native Method) ~[na:1.8.0_321]
	at java.net.DualStackPlainSocketImpl.socketConnect(DualStackPlainSocketImpl.java:81) ~[na:1.8.0_321]
	at java.net.AbstractPlainSocketImpl.doConnect(AbstractPlainSocketImpl.java:476) ~[na:1.8.0_321]
	at java.net.AbstractPlainSocketImpl.connectToAddress(AbstractPlainSocketImpl.java:218) ~[na:1.8.0_321]
	at java.net.AbstractPlainSocketImpl.connect(AbstractPlainSocketImpl.java:200) ~[na:1.8.0_321]
	at java.net.PlainSocketImpl.connect(PlainSocketImpl.java:162) ~[na:1.8.0_321]
	at java.net.SocksSocketImpl.connect(SocksSocketImpl.java:394) ~[na:1.8.0_321]
	at java.net.Socket.connect(Socket.java:606) ~[na:1.8.0_321]
	at sun.net.NetworkClient.doConnect(NetworkClient.java:175) ~[na:1.8.0_321]
	at sun.net.www.http.HttpClient.openServer(HttpClient.java:463) ~[na:1.8.0_321]
	at sun.net.www.http.HttpClient.openServer(HttpClient.java:558) ~[na:1.8.0_321]
	at sun.net.www.http.HttpClient.<init>(HttpClient.java:242) ~[na:1.8.0_321]
	at sun.net.www.http.HttpClient.New(HttpClient.java:339) ~[na:1.8.0_321]
	at sun.net.www.http.HttpClient.New(HttpClient.java:357) ~[na:1.8.0_321]
	at sun.net.www.protocol.http.HttpURLConnection.getNewHttpClient(HttpURLConnection.java:1240) ~[na:1.8.0_321]
	at sun.net.www.protocol.http.HttpURLConnection.plainConnect0(HttpURLConnection.java:1167) ~[na:1.8.0_321]
	at sun.net.www.protocol.http.HttpURLConnection.plainConnect(HttpURLConnection.java:1061) ~[na:1.8.0_321]
	at sun.net.www.protocol.http.HttpURLConnection.connect(HttpURLConnection.java:995) ~[na:1.8.0_321]
	at com.alibaba.nacos.common.http.client.request.JdkHttpClientRequest.execute(JdkHttpClientRequest.java:112) ~[nacos-common-1.4.2.jar:na]
	at com.alibaba.nacos.common.http.client.NacosRestTemplate.execute(NacosRestTemplate.java:482) ~[nacos-common-1.4.2.jar:na]
	at com.alibaba.nacos.common.http.client.NacosRestTemplate.exchangeForm(NacosRestTemplate.java:427) ~[nacos-common-1.4.2.jar:na]
	at com.alibaba.nacos.client.naming.net.NamingProxy.callServer(NamingProxy.java:603) [nacos-client-1.4.2.jar:na]
	at com.alibaba.nacos.client.naming.net.NamingProxy.reqApi(NamingProxy.java:526) [nacos-client-1.4.2.jar:na]
	at com.alibaba.nacos.client.naming.net.NamingProxy.reqApi(NamingProxy.java:498) [nacos-client-1.4.2.jar:na]
	at com.alibaba.nacos.client.naming.net.NamingProxy.reqApi(NamingProxy.java:493) [nacos-client-1.4.2.jar:na]
	at com.alibaba.nacos.client.naming.net.NamingProxy.queryList(NamingProxy.java:407) [nacos-client-1.4.2.jar:na]
	at com.alibaba.nacos.client.naming.core.HostReactor.updateService(HostReactor.java:382) [nacos-client-1.4.2.jar:na]
	at com.alibaba.nacos.client.naming.core.HostReactor$UpdateTask.run(HostReactor.java:464) [nacos-client-1.4.2.jar:na]
	at java.util.concurrent.Executors$RunnableAdapter.call(Executors.java:511) [na:1.8.0_321]
	at java.util.concurrent.FutureTask.run$$$capture(FutureTask.java:266) [na:1.8.0_321]
	at java.util.concurrent.FutureTask.run(FutureTask.java) [na:1.8.0_321]
	at java.util.concurrent.ScheduledThreadPoolExecutor$ScheduledFutureTask.access$201(ScheduledThreadPoolExecutor.java:180) [na:1.8.0_321]
	at java.util.concurrent.ScheduledThreadPoolExecutor$ScheduledFutureTask.run(ScheduledThreadPoolExecutor.java:293) [na:1.8.0_321]
	at java.util.concurrent.ThreadPoolExecutor.runWorker(ThreadPoolExecutor.java:1149) [na:1.8.0_321]
	at java.util.concurrent.ThreadPoolExecutor$Worker.run(ThreadPoolExecutor.java:624) [na:1.8.0_321]
	at java.lang.Thread.run(Thread.java:750) [na:1.8.0_321]

2022-04-29 16:46:47:346  INFO 17728 --- [com.alibaba.nacos.client.naming.updater] com.alibaba.nacos.client.naming          : removed ips(1) service: DEFAULT_GROUP@@orderservice@@SZ -> [{"instanceId":"192.168.204.1#8110#SZ#DEFAULT_GROUP@@orderservice","ip":"192.168.204.1","port":8110,"weight":1.0,"healthy":true,"enabled":true,"ephemeral":true,"clusterName":"SZ","serviceName":"DEFAULT_GROUP@@orderservice","metadata":{"preserved.register.source":"SPRING_CLOUD"},"ipDeleteTimeout":30000,"instanceHeartBeatInterval":5000,"instanceHeartBeatTimeOut":15000}]
2022-04-29 16:46:47:347  INFO 17728 --- [com.alibaba.nacos.client.naming.updater] com.alibaba.nacos.client.naming          : current ips:(0) service: DEFAULT_GROUP@@orderservice@@SZ -> []
2022-04-29 16:46:47:524 ERROR 17728 --- [com.alibaba.nacos.client.Worker.longPolling.fixed-192.168.204.129_8848] c.a.n.c.config.http.ServerHttpAgent      : [NACOS SocketTimeoutException httpPost] currentServerAddr: http://192.168.204.129:8848， err : connect timed out
2022-04-29 16:46:48:569 ERROR 17728 --- [com.alibaba.nacos.naming.beat.sender] com.alibaba.nacos.client.naming          : [NA] failed to request

java.net.SocketTimeoutException: connect timed out
	at java.net.DualStackPlainSocketImpl.waitForConnect(Native Method) ~[na:1.8.0_321]
	at java.net.DualStackPlainSocketImpl.socketConnect(DualStackPlainSocketImpl.java:81) ~[na:1.8.0_321]
	at java.net.AbstractPlainSocketImpl.doConnect(AbstractPlainSocketImpl.java:476) ~[na:1.8.0_321]
	at java.net.AbstractPlainSocketImpl.connectToAddress(AbstractPlainSocketImpl.java:218) ~[na:1.8.0_321]
	at java.net.AbstractPlainSocketImpl.connect(AbstractPlainSocketImpl.java:200) ~[na:1.8.0_321]
	at java.net.PlainSocketImpl.connect(PlainSocketImpl.java:162) ~[na:1.8.0_321]
	at java.net.SocksSocketImpl.connect(SocksSocketImpl.java:394) ~[na:1.8.0_321]
	at java.net.Socket.connect(Socket.java:606) ~[na:1.8.0_321]
	at sun.net.NetworkClient.doConnect(NetworkClient.java:175) ~[na:1.8.0_321]
	at sun.net.www.http.HttpClient.openServer(HttpClient.java:463) ~[na:1.8.0_321]
	at sun.net.www.http.HttpClient.openServer(HttpClient.java:558) ~[na:1.8.0_321]
	at sun.net.www.http.HttpClient.<init>(HttpClient.java:242) ~[na:1.8.0_321]
	at sun.net.www.http.HttpClient.New(HttpClient.java:339) ~[na:1.8.0_321]
	at sun.net.www.http.HttpClient.New(HttpClient.java:357) ~[na:1.8.0_321]
	at sun.net.www.protocol.http.HttpURLConnection.getNewHttpClient(HttpURLConnection.java:1240) ~[na:1.8.0_321]
	at sun.net.www.protocol.http.HttpURLConnection.plainConnect0(HttpURLConnection.java:1167) ~[na:1.8.0_321]
	at sun.net.www.protocol.http.HttpURLConnection.plainConnect(HttpURLConnection.java:1061) ~[na:1.8.0_321]
	at sun.net.www.protocol.http.HttpURLConnection.connect(HttpURLConnection.java:995) ~[na:1.8.0_321]
	at com.alibaba.nacos.common.http.client.request.JdkHttpClientRequest.execute(JdkHttpClientRequest.java:112) ~[nacos-common-1.4.2.jar:na]
	at com.alibaba.nacos.common.http.client.NacosRestTemplate.execute(NacosRestTemplate.java:482) ~[nacos-common-1.4.2.jar:na]
	at com.alibaba.nacos.common.http.client.NacosRestTemplate.exchangeForm(NacosRestTemplate.java:427) ~[nacos-common-1.4.2.jar:na]
	at com.alibaba.nacos.client.naming.net.NamingProxy.callServer(NamingProxy.java:603) [nacos-client-1.4.2.jar:na]
	at com.alibaba.nacos.client.naming.net.NamingProxy.reqApi(NamingProxy.java:526) [nacos-client-1.4.2.jar:na]
	at com.alibaba.nacos.client.naming.net.NamingProxy.reqApi(NamingProxy.java:498) [nacos-client-1.4.2.jar:na]
	at com.alibaba.nacos.client.naming.net.NamingProxy.sendBeat(NamingProxy.java:433) [nacos-client-1.4.2.jar:na]
	at com.alibaba.nacos.client.naming.beat.BeatReactor$BeatTask.run(BeatReactor.java:167) [nacos-client-1.4.2.jar:na]
	at java.util.concurrent.Executors$RunnableAdapter.call(Executors.java:511) [na:1.8.0_321]
	at java.util.concurrent.FutureTask.run$$$capture(FutureTask.java:266) [na:1.8.0_321]
	at java.util.concurrent.FutureTask.run(FutureTask.java) [na:1.8.0_321]
	at java.util.concurrent.ScheduledThreadPoolExecutor$ScheduledFutureTask.access$201(ScheduledThreadPoolExecutor.java:180) [na:1.8.0_321]
	at java.util.concurrent.ScheduledThreadPoolExecutor$ScheduledFutureTask.run(ScheduledThreadPoolExecutor.java:293) [na:1.8.0_321]
	at java.util.concurrent.ThreadPoolExecutor.runWorker(ThreadPoolExecutor.java:1149) [na:1.8.0_321]
	at java.util.concurrent.ThreadPoolExecutor$Worker.run(ThreadPoolExecutor.java:624) [na:1.8.0_321]
	at java.lang.Thread.run(Thread.java:750) [na:1.8.0_321]

2022-04-29 16:46:48:569 ERROR 17728 --- [com.alibaba.nacos.naming.beat.sender] com.alibaba.nacos.client.naming          : request: /nacos/v1/ns/instance/beat failed, servers: [http://192.168.204.129:8848], code: 500, msg: connect timed out
2022-04-29 16:46:48:570 ERROR 17728 --- [com.alibaba.nacos.naming.beat.sender] com.alibaba.nacos.client.naming          : [CLIENT-BEAT] failed to send beat: {"port":8110,"ip":"192.168.204.1","weight":1.0,"serviceName":"DEFAULT_GROUP@@orderservice","cluster":"SZ","metadata":{"preserved.register.source":"SPRING_CLOUD"},"scheduled":false,"period":5000,"stopped":false}, code: 500, msg: failed to req API:/nacos/v1/ns/instance/beat after all servers([http://192.168.204.129:8848]) tried: java.net.SocketTimeoutException: connect timed out
2022-04-29 16:46:48 ERROR 7200 --- [com.alibaba.nacos.naming.beat.sender] com.alibaba.nacos.client.naming          : [NA] failed to request

java.net.SocketTimeoutException: connect timed out
	at java.net.DualStackPlainSocketImpl.waitForConnect(Native Method) ~[na:1.8.0_321]
	at java.net.DualStackPlainSocketImpl.socketConnect(DualStackPlainSocketImpl.java:81) ~[na:1.8.0_321]
	at java.net.AbstractPlainSocketImpl.doConnect(AbstractPlainSocketImpl.java:476) ~[na:1.8.0_321]
	at java.net.AbstractPlainSocketImpl.connectToAddress(AbstractPlainSocketImpl.java:218) ~[na:1.8.0_321]
	at java.net.AbstractPlainSocketImpl.connect(AbstractPlainSocketImpl.java:200) ~[na:1.8.0_321]
	at java.net.PlainSocketImpl.connect(PlainSocketImpl.java:162) ~[na:1.8.0_321]
	at java.net.SocksSocketImpl.connect(SocksSocketImpl.java:394) ~[na:1.8.0_321]
	at java.net.Socket.connect(Socket.java:606) ~[na:1.8.0_321]
	at sun.net.NetworkClient.doConnect(NetworkClient.java:175) ~[na:1.8.0_321]
	at sun.net.www.http.HttpClient.openServer(HttpClient.java:463) ~[na:1.8.0_321]
	at sun.net.www.http.HttpClient.openServer(HttpClient.java:558) ~[na:1.8.0_321]
	at sun.net.www.http.HttpClient.<init>(HttpClient.java:242) ~[na:1.8.0_321]
	at sun.net.www.http.HttpClient.New(HttpClient.java:339) ~[na:1.8.0_321]
	at sun.net.www.http.HttpClient.New(HttpClient.java:357) ~[na:1.8.0_321]
	at sun.net.www.protocol.http.HttpURLConnection.getNewHttpClient(HttpURLConnection.java:1240) ~[na:1.8.0_321]
	at sun.net.www.protocol.http.HttpURLConnection.plainConnect0(HttpURLConnection.java:1167) ~[na:1.8.0_321]
	at sun.net.www.protocol.http.HttpURLConnection.plainConnect(HttpURLConnection.java:1061) ~[na:1.8.0_321]
	at sun.net.www.protocol.http.HttpURLConnection.connect(HttpURLConnection.java:995) ~[na:1.8.0_321]
	at com.alibaba.nacos.common.http.client.request.JdkHttpClientRequest.execute(JdkHttpClientRequest.java:112) ~[nacos-common-1.4.2.jar:na]
	at com.alibaba.nacos.common.http.client.NacosRestTemplate.execute(NacosRestTemplate.java:482) ~[nacos-common-1.4.2.jar:na]
	at com.alibaba.nacos.common.http.client.NacosRestTemplate.exchangeForm(NacosRestTemplate.java:427) ~[nacos-common-1.4.2.jar:na]
	at com.alibaba.nacos.client.naming.net.NamingProxy.callServer(NamingProxy.java:603) [nacos-client-1.4.2.jar:na]
	at com.alibaba.nacos.client.naming.net.NamingProxy.reqApi(NamingProxy.java:526) [nacos-client-1.4.2.jar:na]
	at com.alibaba.nacos.client.naming.net.NamingProxy.reqApi(NamingProxy.java:498) [nacos-client-1.4.2.jar:na]
	at com.alibaba.nacos.client.naming.net.NamingProxy.sendBeat(NamingProxy.java:433) [nacos-client-1.4.2.jar:na]
	at com.alibaba.nacos.client.naming.beat.BeatReactor$BeatTask.run(BeatReactor.java:167) [nacos-client-1.4.2.jar:na]
	at java.util.concurrent.Executors$RunnableAdapter.call(Executors.java:511) [na:1.8.0_321]
	at java.util.concurrent.FutureTask.run$$$capture(FutureTask.java:266) [na:1.8.0_321]
	at java.util.concurrent.FutureTask.run(FutureTask.java) [na:1.8.0_321]
	at java.util.concurrent.ScheduledThreadPoolExecutor$ScheduledFutureTask.access$201(ScheduledThreadPoolExecutor.java:180) [na:1.8.0_321]
	at java.util.concurrent.ScheduledThreadPoolExecutor$ScheduledFutureTask.run(ScheduledThreadPoolExecutor.java:293) [na:1.8.0_321]
	at java.util.concurrent.ThreadPoolExecutor.runWorker(ThreadPoolExecutor.java:1149) [na:1.8.0_321]
	at java.util.concurrent.ThreadPoolExecutor$Worker.run(ThreadPoolExecutor.java:624) [na:1.8.0_321]
	at java.lang.Thread.run(Thread.java:750) [na:1.8.0_321]

2022-04-29 16:46:48 ERROR 7200 --- [com.alibaba.nacos.naming.beat.sender] com.alibaba.nacos.client.naming          : request: /nacos/v1/ns/instance/beat failed, servers: [http://192.168.204.129:8848], code: 500, msg: connect timed out
2022-04-29 16:46:48 ERROR 7200 --- [com.alibaba.nacos.naming.beat.sender] com.alibaba.nacos.client.naming          : [CLIENT-BEAT] failed to send beat: {"port":8111,"ip":"192.168.204.1","weight":1.0,"serviceName":"DEFAULT_GROUP@@userservice","cluster":"SZ","metadata":{"preserved.register.source":"SPRING_CLOUD"},"scheduled":false,"period":5000,"stopped":false}, code: 500, msg: failed to req API:/nacos/v1/ns/instance/beat after all servers([http://192.168.204.129:8848]) tried: java.net.SocketTimeoutException: connect timed out
2022-04-29 16:46:53:573  INFO 17728 --- [com.alibaba.nacos.naming.beat.sender] com.alibaba.nacos.client.naming          : [REGISTER-SERVICE] wangtao registering service DEFAULT_GROUP@@orderservice with instance: Instance{instanceId='null', ip='192.168.204.1', port=8110, weight=1.0, healthy=true, enabled=true, ephemeral=true, clusterName='SZ', serviceName='DEFAULT_GROUP@@orderservice', metadata={preserved.register.source=SPRING_CLOUD}}
2022-04-29 16:46:53  INFO 7200 --- [com.alibaba.nacos.naming.beat.sender] com.alibaba.nacos.client.naming          : [REGISTER-SERVICE] wangtao registering service DEFAULT_GROUP@@userservice with instance: Instance{instanceId='null', ip='192.168.204.1', port=8111, weight=1.0, healthy=true, enabled=true, ephemeral=true, clusterName='SZ', serviceName='DEFAULT_GROUP@@userservice', metadata={preserved.register.source=SPRING_CLOUD}}
2022-04-29 16:46:54:577  INFO 17728 --- [com.alibaba.nacos.naming.push.receiver] com.alibaba.nacos.client.naming          : received push data: {"type":"dom","data":"{\"hosts\":[{\"ip\":\"192.168.204.1\",\"port\":8110,\"valid\":true,\"healthy\":true,\"marked\":false,\"instanceId\":\"192.168.204.1#8110#SZ#DEFAULT_GROUP@@orderservice\",\"metadata\":{\"preserved.register.source\":\"SPRING_CLOUD\"},\"enabled\":true,\"weight\":1.0,\"clusterName\":\"SZ\",\"serviceName\":\"DEFAULT_GROUP@@orderservice\",\"ephemeral\":true}],\"dom\":\"DEFAULT_GROUP@@orderservice\",\"name\":\"DEFAULT_GROUP@@orderservice\",\"cacheMillis\":10000,\"lastRefTime\":1651222014575,\"checksum\":\"db01aca846aaaa24d727aecae461bd89\",\"useSpecifiedURL\":false,\"clusters\":\"SZ\",\"env\":\"\",\"metadata\":{}}","lastRefTime":43302293795817} from /192.168.204.129
2022-04-29 16:46:54:577  INFO 17728 --- [com.alibaba.nacos.naming.push.receiver] com.alibaba.nacos.client.naming          : new ips(1) service: DEFAULT_GROUP@@orderservice@@SZ -> [{"instanceId":"192.168.204.1#8110#SZ#DEFAULT_GROUP@@orderservice","ip":"192.168.204.1","port":8110,"weight":1.0,"healthy":true,"enabled":true,"ephemeral":true,"clusterName":"SZ","serviceName":"DEFAULT_GROUP@@orderservice","metadata":{"preserved.register.source":"SPRING_CLOUD"},"ipDeleteTimeout":30000,"instanceHeartBeatInterval":5000,"instanceHeartBeatTimeOut":15000}]
2022-04-29 16:46:54:579  INFO 17728 --- [com.alibaba.nacos.naming.push.receiver] com.alibaba.nacos.client.naming          : current ips:(1) service: DEFAULT_GROUP@@orderservice@@SZ -> [{"instanceId":"192.168.204.1#8110#SZ#DEFAULT_GROUP@@orderservice","ip":"192.168.204.1","port":8110,"weight":1.0,"healthy":true,"enabled":true,"ephemeral":true,"clusterName":"SZ","serviceName":"DEFAULT_GROUP@@orderservice","metadata":{"preserved.register.source":"SPRING_CLOUD"},"ipDeleteTimeout":30000,"instanceHeartBeatInterval":5000,"instanceHeartBeatTimeOut":15000}]
2022-04-29 16:46:54  INFO 7200 --- [com.alibaba.nacos.naming.push.receiver] com.alibaba.nacos.client.naming          : received push data: {"type":"dom","data":"{\"hosts\":[{\"ip\":\"192.168.204.1\",\"port\":8111,\"valid\":true,\"healthy\":true,\"marked\":false,\"instanceId\":\"192.168.204.1#8111#SZ#DEFAULT_GROUP@@userservice\",\"metadata\":{\"preserved.register.source\":\"SPRING_CLOUD\"},\"enabled\":true,\"weight\":1.0,\"clusterName\":\"SZ\",\"serviceName\":\"DEFAULT_GROUP@@userservice\",\"ephemeral\":true}],\"dom\":\"DEFAULT_GROUP@@userservice\",\"name\":\"DEFAULT_GROUP@@userservice\",\"cacheMillis\":10000,\"lastRefTime\":1651222014585,\"checksum\":\"d78363a8deadca45515360348dd6546d\",\"useSpecifiedURL\":false,\"clusters\":\"SZ\",\"env\":\"\",\"metadata\":{}}","lastRefTime":43302303767537} from /192.168.204.129
2022-04-29 16:46:54  INFO 7200 --- [com.alibaba.nacos.naming.push.receiver] com.alibaba.nacos.client.naming          : new ips(1) service: DEFAULT_GROUP@@userservice@@SZ -> [{"instanceId":"192.168.204.1#8111#SZ#DEFAULT_GROUP@@userservice","ip":"192.168.204.1","port":8111,"weight":1.0,"healthy":true,"enabled":true,"ephemeral":true,"clusterName":"SZ","serviceName":"DEFAULT_GROUP@@userservice","metadata":{"preserved.register.source":"SPRING_CLOUD"},"instanceHeartBeatInterval":5000,"instanceHeartBeatTimeOut":15000,"ipDeleteTimeout":30000}]
2022-04-29 16:46:54  INFO 7200 --- [com.alibaba.nacos.naming.push.receiver] com.alibaba.nacos.client.naming          : current ips:(1) service: DEFAULT_GROUP@@userservice@@SZ -> [{"instanceId":"192.168.204.1#8111#SZ#DEFAULT_GROUP@@userservice","ip":"192.168.204.1","port":8111,"weight":1.0,"healthy":true,"enabled":true,"ephemeral":true,"clusterName":"SZ","serviceName":"DEFAULT_GROUP@@userservice","metadata":{"preserved.register.source":"SPRING_CLOUD"},"instanceHeartBeatInterval":5000,"instanceHeartBeatTimeOut":15000,"ipDeleteTimeout":30000}]
